This is pdfTeX, Version 3.14159265-2.6-1.40.21 (MiKTeX 20.12) (preloaded format=pdflatex 2021.10.28)  28 OCT 2021 20:38
entering extended mode
**"./practice 15.tex"
("practice 15.tex"
LaTeX2e <2020-10-01> patch level 2
L3 programming layer <2020-12-07> xparse <2020-03-03>
("C:\Users\CLEMENT OBIEKE\AppData\Local\Programs\MiKTeX\tex/latex/base\article.
cls"
Document Class: article 2020/04/10 v1.4m Standard LaTeX document class

("C:\Users\CLEMENT OBIEKE\AppData\Local\Programs\MiKTeX\tex/latex/base\size10.c
lo"
File: size10.clo 2020/04/10 v1.4m Standard LaTeX file (size option)
)
\c@part=\count177
\c@section=\count178
\c@subsection=\count179
\c@subsubsection=\count180
\c@paragraph=\count181
\c@subparagraph=\count182
\c@figure=\count183
\c@table=\count184
\abovecaptionskip=\skip47
\belowcaptionskip=\skip48
\bibindent=\dimen138
)
("C:\Users\CLEMENT OBIEKE\AppData\Local\Programs\MiKTeX\tex/latex/graphics\grap
hicx.sty"
Package: graphicx 2020/09/09 v1.2b Enhanced LaTeX Graphics (DPC,SPQR)

("C:\Users\CLEMENT OBIEKE\AppData\Local\Programs\MiKTeX\tex/latex/graphics\keyv
al.sty"
Package: keyval 2014/10/28 v1.15 key=value parser (DPC)
\KV@toks@=\toks15
)
("C:\Users\CLEMENT OBIEKE\AppData\Local\Programs\MiKTeX\tex/latex/graphics\grap
hics.sty"
Package: graphics 2020/08/30 v1.4c Standard LaTeX Graphics (DPC,SPQR)

("C:\Users\CLEMENT OBIEKE\AppData\Local\Programs\MiKTeX\tex/latex/graphics\trig
.sty"
Package: trig 2016/01/03 v1.10 sin cos tan (DPC)
)
("C:\Users\CLEMENT OBIEKE\AppData\Local\Programs\MiKTeX\tex/latex/graphics-cfg\
graphics.cfg"
File: graphics.cfg 2016/06/04 v1.11 sample graphics configuration
)
Package graphics Info: Driver file: pdftex.def on input line 105.

("C:\Users\CLEMENT OBIEKE\AppData\Local\Programs\MiKTeX\tex/latex/graphics-def\
pdftex.def"
File: pdftex.def 2020/10/05 v1.2a Graphics/color driver for pdftex
))
\Gin@req@height=\dimen139
\Gin@req@width=\dimen140
)
("C:\Users\CLEMENT OBIEKE\AppData\Local\Programs\MiKTeX\tex/latex/caption\subca
ption.sty"
Package: subcaption 2020/10/07 v1.3j Sub-captions (AR)

("C:\Users\CLEMENT OBIEKE\AppData\Local\Programs\MiKTeX\tex/latex/caption\capti
on.sty"
Package: caption 2020/10/26 v3.5g Customizing captions (AR)

("C:\Users\CLEMENT OBIEKE\AppData\Local\Programs\MiKTeX\tex/latex/caption\capti
on3.sty"
Package: caption3 2020/10/21 v2.2e caption3 kernel (AR)
\captionmargin=\dimen141
\captionmargin@=\dimen142
\captionwidth=\dimen143
\caption@tempdima=\dimen144
\caption@indent=\dimen145
\caption@parindent=\dimen146
\caption@hangindent=\dimen147
Package caption Info: Standard document class detected.
)
\c@caption@flags=\count185
\c@continuedfloat=\count186
)
\c@subfigure=\count187
\c@subtable=\count188
)
("C:\Users\CLEMENT OBIEKE\AppData\Local\Programs\MiKTeX\tex/latex/l3backend\l3b
ackend-pdftex.def"
File: l3backend-pdftex.def 2020-09-24 L3 backend support: PDF output (pdfTeX)
\l__kernel_color_stack_int=\count189
\l__pdf_internal_box=\box47
) ("practice 15.aux")
\openout1 = `"practice 15.aux"'.

LaTeX Font Info:    Checking defaults for OML/cmm/m/it on input line 5.
LaTeX Font Info:    ... okay on input line 5.
LaTeX Font Info:    Checking defaults for OMS/cmsy/m/n on input line 5.
LaTeX Font Info:    ... okay on input line 5.
LaTeX Font Info:    Checking defaults for OT1/cmr/m/n on input line 5.
LaTeX Font Info:    ... okay on input line 5.
LaTeX Font Info:    Checking defaults for T1/cmr/m/n on input line 5.
LaTeX Font Info:    ... okay on input line 5.
LaTeX Font Info:    Checking defaults for TS1/cmr/m/n on input line 5.
LaTeX Font Info:    ... okay on input line 5.
LaTeX Font Info:    Checking defaults for OMX/cmex/m/n on input line 5.
LaTeX Font Info:    ... okay on input line 5.
LaTeX Font Info:    Checking defaults for U/cmr/m/n on input line 5.
LaTeX Font Info:    ... okay on input line 5.

("C:\Users\CLEMENT OBIEKE\AppData\Local\Programs\MiKTeX\tex/context/base/mkii\s
upp-pdf.mkii"
[Loading MPS to PDF converter (version 2006.09.02).]
\scratchcounter=\count190
\scratchdimen=\dimen148
\scratchbox=\box48
\nofMPsegments=\count191
\nofMParguments=\count192
\everyMPshowfont=\toks16
\MPscratchCnt=\count193
\MPscratchDim=\dimen149
\MPnumerator=\count194
\makeMPintoPDFobject=\count195
\everyMPtoPDFconversion=\toks17
)
("C:\Users\CLEMENT OBIEKE\AppData\Local\Programs\MiKTeX\tex/latex/epstopdf-pkg\
epstopdf-base.sty"
Package: epstopdf-base 2020-01-24 v2.11 Base part for package epstopdf
Package epstopdf-base Info: Redefining graphics rule for `.eps' on input line 4
85.
)
Package caption Info: Begin \AtBeginDocument code.
Package caption Info: End \AtBeginDocument code.
<ball.jpg, id=1, 513.92pt x 513.92pt>
File: ball.jpg Graphic file (type jpg)
<use ball.jpg>
Package pdftex.def Info: ball.jpg  used on input line 10.
(pdftex.def)             Requested size: 137.9979pt x 137.99959pt.
File: ball.jpg Graphic file (type jpg)
<use ball.jpg>
Package pdftex.def Info: ball.jpg  used on input line 15.
(pdftex.def)             Requested size: 137.9979pt x 137.99959pt.
File: ball.jpg Graphic file (type jpg)
<use ball.jpg>
Package pdftex.def Info: ball.jpg  used on input line 20.
(pdftex.def)             Requested size: 137.9979pt x 137.99959pt.
 [1

{C:/Users/CLEMENT OBIEKE/AppData/Local/MiKTeX/pdftex/config/pdftex.map} <./ball
.jpg>] ("practice 15.aux") ) 
Here is how much of TeX's memory you used:
 2480 strings out of 479697
 43664 string characters out of 2862819
 314454 words of memory out of 3000000
 19611 multiletter control sequences out of 15000+200000
 404037 words of font info for 29 fonts, out of 3000000 for 9000
 1141 hyphenation exceptions out of 8191
 66i,7n,74p,289b,445s stack positions out of 5000i,500n,10000p,200000b,50000s
<C:/Users/CLEMENT OBIEKE/AppData/Local/Programs/MiK
TeX/fonts/type1/public/amsfonts/cm/cmbx10.pfb><C:/Users/CLEMENT OBIEKE/AppData/
Local/Programs/MiKTeX/fonts/type1/public/amsfonts/cm/cmr10.pfb><C:/Users/CLEMEN
T OBIEKE/AppData/Local/Programs/MiKTeX/fonts/type1/public/amsfonts/cm/cmr9.pfb>

Output written on "practice 15.pdf" (1 page, 91581 bytes).
PDF statistics:
 19 PDF objects out of 1000 (max. 8388607)
 0 named destinations out of 1000 (max. 500000)
 6 words of extra memory for PDF output out of 10000 (max. 10000000)

