This is pdfTeX, Version 3.14159265-2.6-1.40.21 (MiKTeX 20.12) (preloaded format=pdflatex 2021.10.28)  4 NOV 2021 23:00
entering extended mode
**"./CSC 101 Timetable.tex"
("CSC 101 Timetable.tex"
LaTeX2e <2020-10-01> patch level 2
L3 programming layer <2020-12-07> xparse <2020-03-03>
("C:\Users\CLEMENT OBIEKE\AppData\Local\Programs\MiKTeX\tex/latex/base\article.
cls"
Document Class: article 2020/04/10 v1.4m Standard LaTeX document class

("C:\Users\CLEMENT OBIEKE\AppData\Local\Programs\MiKTeX\tex/latex/base\size10.c
lo"
File: size10.clo 2020/04/10 v1.4m Standard LaTeX file (size option)
)
\c@part=\count177
\c@section=\count178
\c@subsection=\count179
\c@subsubsection=\count180
\c@paragraph=\count181
\c@subparagraph=\count182
\c@figure=\count183
\c@table=\count184
\abovecaptionskip=\skip47
\belowcaptionskip=\skip48
\bibindent=\dimen138
)
("C:\Users\CLEMENT OBIEKE\AppData\Local\Programs\MiKTeX\tex/latex/xcolor\xcolor
.sty"
Package: xcolor 2016/05/11 v2.12 LaTeX color extensions (UK)

("C:\Users\CLEMENT OBIEKE\AppData\Local\Programs\MiKTeX\tex/latex/graphics-cfg\
color.cfg"
File: color.cfg 2016/01/02 v1.6 sample color configuration
)
Package xcolor Info: Driver file: pdftex.def on input line 225.

("C:\Users\CLEMENT OBIEKE\AppData\Local\Programs\MiKTeX\tex/latex/graphics-def\
pdftex.def"
File: pdftex.def 2020/10/05 v1.2a Graphics/color driver for pdftex
)
("C:\Users\CLEMENT OBIEKE\AppData\Local\Programs\MiKTeX\tex/latex/colortbl\colo
rtbl.sty"
Package: colortbl 2020/01/04 v1.0e Color table columns (DPC)

("C:\Users\CLEMENT OBIEKE\AppData\Local\Programs\MiKTeX\tex/latex/tools\array.s
ty"
Package: array 2019/08/31 v2.4l Tabular extension package (FMi)
\col@sep=\dimen139
\ar@mcellbox=\box47
\extrarowheight=\dimen140
\NC@list=\toks15
\extratabsurround=\skip49
\backup@length=\skip50
\ar@cellbox=\box48
)
\everycr=\toks16
\minrowclearance=\skip51
)
\rownum=\count185
Package xcolor Info: Model `cmy' substituted by `cmy0' on input line 1348.
Package xcolor Info: Model `hsb' substituted by `rgb' on input line 1352.
Package xcolor Info: Model `RGB' extended on input line 1364.
Package xcolor Info: Model `HTML' substituted by `rgb' on input line 1366.
Package xcolor Info: Model `Hsb' substituted by `hsb' on input line 1367.
Package xcolor Info: Model `tHsb' substituted by `hsb' on input line 1368.
Package xcolor Info: Model `HSB' substituted by `hsb' on input line 1369.
Package xcolor Info: Model `Gray' substituted by `gray' on input line 1370.
Package xcolor Info: Model `wave' substituted by `hsb' on input line 1371.
)
("C:\Users\CLEMENT OBIEKE\AppData\Local\Programs\MiKTeX\tex/latex/graphics\rota
ting.sty"
Package: rotating 2016/08/11 v2.16d rotated objects in LaTeX

("C:\Users\CLEMENT OBIEKE\AppData\Local\Programs\MiKTeX\tex/latex/graphics\grap
hicx.sty"
Package: graphicx 2020/09/09 v1.2b Enhanced LaTeX Graphics (DPC,SPQR)

("C:\Users\CLEMENT OBIEKE\AppData\Local\Programs\MiKTeX\tex/latex/graphics\keyv
al.sty"
Package: keyval 2014/10/28 v1.15 key=value parser (DPC)
\KV@toks@=\toks17
)
("C:\Users\CLEMENT OBIEKE\AppData\Local\Programs\MiKTeX\tex/latex/graphics\grap
hics.sty"
Package: graphics 2020/08/30 v1.4c Standard LaTeX Graphics (DPC,SPQR)

("C:\Users\CLEMENT OBIEKE\AppData\Local\Programs\MiKTeX\tex/latex/graphics\trig
.sty"
Package: trig 2016/01/03 v1.10 sin cos tan (DPC)
)
("C:\Users\CLEMENT OBIEKE\AppData\Local\Programs\MiKTeX\tex/latex/graphics-cfg\
graphics.cfg"
File: graphics.cfg 2016/06/04 v1.11 sample graphics configuration
)
Package graphics Info: Driver file: pdftex.def on input line 105.
)
\Gin@req@height=\dimen141
\Gin@req@width=\dimen142
)
("C:\Users\CLEMENT OBIEKE\AppData\Local\Programs\MiKTeX\tex/latex/base\ifthen.s
ty"
Package: ifthen 2014/09/29 v1.1c Standard LaTeX ifthen package (DPC)
)
\c@r@tfl@t=\count186
\rotFPtop=\skip52
\rotFPbot=\skip53
\rot@float@box=\box49
\rot@mess@toks=\toks18
)

Package array Warning: Redefining primitive column b on input line 6.


("C:\Users\CLEMENT OBIEKE\AppData\Local\Programs\MiKTeX\tex/latex/l3backend\l3b
ackend-pdftex.def"
File: l3backend-pdftex.def 2020-09-24 L3 backend support: PDF output (pdfTeX)
\l__kernel_color_stack_int=\count187
\l__pdf_internal_box=\box50
) ("CSC 101 Timetable.aux")
\openout1 = `"CSC 101 Timetable.aux"'.

LaTeX Font Info:    Checking defaults for OML/cmm/m/it on input line 12.
LaTeX Font Info:    ... okay on input line 12.
LaTeX Font Info:    Checking defaults for OMS/cmsy/m/n on input line 12.
LaTeX Font Info:    ... okay on input line 12.
LaTeX Font Info:    Checking defaults for OT1/cmr/m/n on input line 12.
LaTeX Font Info:    ... okay on input line 12.
LaTeX Font Info:    Checking defaults for T1/cmr/m/n on input line 12.
LaTeX Font Info:    ... okay on input line 12.
LaTeX Font Info:    Checking defaults for TS1/cmr/m/n on input line 12.
LaTeX Font Info:    ... okay on input line 12.
LaTeX Font Info:    Checking defaults for OMX/cmex/m/n on input line 12.
LaTeX Font Info:    ... okay on input line 12.
LaTeX Font Info:    Checking defaults for U/cmr/m/n on input line 12.
LaTeX Font Info:    ... okay on input line 12.

("C:\Users\CLEMENT OBIEKE\AppData\Local\Programs\MiKTeX\tex/context/base/mkii\s
upp-pdf.mkii"
[Loading MPS to PDF converter (version 2006.09.02).]
\scratchcounter=\count188
\scratchdimen=\dimen143
\scratchbox=\box51
\nofMPsegments=\count189
\nofMParguments=\count190
\everyMPshowfont=\toks19
\MPscratchCnt=\count191
\MPscratchDim=\dimen144
\MPnumerator=\count192
\makeMPintoPDFobject=\count193
\everyMPtoPDFconversion=\toks20
)
("C:\Users\CLEMENT OBIEKE\AppData\Local\Programs\MiKTeX\tex/latex/epstopdf-pkg\
epstopdf-base.sty"
Package: epstopdf-base 2020-01-24 v2.11 Base part for package epstopdf
Package epstopdf-base Info: Redefining graphics rule for `.eps' on input line 4
85.
)
LaTeX Font Info:    External font `cmex10' loaded for size
(Font)              <7> on input line 17.
LaTeX Font Info:    External font `cmex10' loaded for size
(Font)              <5> on input line 17.

! Misplaced \noalign.
<recently read> \noalign 
                         
l.25 			CHM 107&C&2&1-2:30AM&	\rowcolor
                                       {white!100}BREAK&-&-&-&\\
I expect to see \noalign only after the \cr of
an alignment. Proceed, and I'll ignore this case.


LaTeX Warning: `!h' float specifier changed to `!ht'.

[1{C:/Users/CLEMENT OBIEKE/AppData/Local/MiKTeX/pdftex/config/pdftex.map}]
("CSC 101 Timetable.aux") ) 
Here is how much of TeX's memory you used:
 1873 strings out of 479697
 27184 string characters out of 2862819
 317979 words of memory out of 3000000
 18997 multiletter control sequences out of 15000+200000
 403738 words of font info for 28 fonts, out of 3000000 for 9000
 1141 hyphenation exceptions out of 8191
 80i,11n,85p,222b,343s stack positions out of 5000i,500n,10000p,200000b,50000s
<C:/Users/CLEMENT OBIEKE/AppData/Local/Programs/MiKT
eX/fonts/type1/public/amsfonts/cm/cmbx10.pfb><C:/Users/CLEMENT OBIEKE/AppData/L
ocal/Programs/MiKTeX/fonts/type1/public/amsfonts/cm/cmr10.pfb>
Output written on "CSC 101 Timetable.pdf" (1 page, 32696 bytes).
PDF statistics:
 14 PDF objects out of 1000 (max. 8388607)
 0 named destinations out of 1000 (max. 500000)
 1 words of extra memory for PDF output out of 10000 (max. 10000000)

