This is pdfTeX, Version 3.14159265-2.6-1.40.21 (MiKTeX 20.12) (preloaded format=pdflatex 2021.10.28)  17 NOV 2021 22:02
entering extended mode
**"./Exercise 2.tex"
("Exercise 2.tex"
LaTeX2e <2020-10-01> patch level 2
L3 programming layer <2020-12-07> xparse <2020-03-03>
("C:\Users\CLEMENT OBIEKE\AppData\Local\Programs\MiKTeX\tex/latex/base\article.
cls"
Document Class: article 2020/04/10 v1.4m Standard LaTeX document class

("C:\Users\CLEMENT OBIEKE\AppData\Local\Programs\MiKTeX\tex/latex/base\size10.c
lo"
File: size10.clo 2020/04/10 v1.4m Standard LaTeX file (size option)
)
\c@part=\count177
\c@section=\count178
\c@subsection=\count179
\c@subsubsection=\count180
\c@paragraph=\count181
\c@subparagraph=\count182
\c@figure=\count183
\c@table=\count184
\abovecaptionskip=\skip47
\belowcaptionskip=\skip48
\bibindent=\dimen138
)
("C:\Users\CLEMENT OBIEKE\AppData\Local\Programs\MiKTeX\tex/latex/graphics\grap
hicx.sty"
Package: graphicx 2020/09/09 v1.2b Enhanced LaTeX Graphics (DPC,SPQR)

("C:\Users\CLEMENT OBIEKE\AppData\Local\Programs\MiKTeX\tex/latex/graphics\keyv
al.sty"
Package: keyval 2014/10/28 v1.15 key=value parser (DPC)
\KV@toks@=\toks15
)
("C:\Users\CLEMENT OBIEKE\AppData\Local\Programs\MiKTeX\tex/latex/graphics\grap
hics.sty"
Package: graphics 2020/08/30 v1.4c Standard LaTeX Graphics (DPC,SPQR)

("C:\Users\CLEMENT OBIEKE\AppData\Local\Programs\MiKTeX\tex/latex/graphics\trig
.sty"
Package: trig 2016/01/03 v1.10 sin cos tan (DPC)
)
("C:\Users\CLEMENT OBIEKE\AppData\Local\Programs\MiKTeX\tex/latex/graphics-cfg\
graphics.cfg"
File: graphics.cfg 2016/06/04 v1.11 sample graphics configuration
)
Package graphics Info: Driver file: pdftex.def on input line 105.

("C:\Users\CLEMENT OBIEKE\AppData\Local\Programs\MiKTeX\tex/latex/graphics-def\
pdftex.def"
File: pdftex.def 2020/10/05 v1.2a Graphics/color driver for pdftex
))
\Gin@req@height=\dimen139
\Gin@req@width=\dimen140
)
("C:\Users\CLEMENT OBIEKE\AppData\Local\Programs\MiKTeX\tex/latex/tools\array.s
ty"
Package: array 2019/08/31 v2.4l Tabular extension package (FMi)
\col@sep=\dimen141
\ar@mcellbox=\box47
\extrarowheight=\dimen142
\NC@list=\toks16
\extratabsurround=\skip49
\backup@length=\skip50
\ar@cellbox=\box48
)
("C:\Users\CLEMENT OBIEKE\AppData\Local\Programs\MiKTeX\tex/latex/l3backend\l3b
ackend-pdftex.def"
File: l3backend-pdftex.def 2020-09-24 L3 backend support: PDF output (pdfTeX)
\l__kernel_color_stack_int=\count185
\l__pdf_internal_box=\box49
) ("Exercise 2.aux")
\openout1 = `"Exercise 2.aux"'.

LaTeX Font Info:    Checking defaults for OML/cmm/m/it on input line 5.
LaTeX Font Info:    ... okay on input line 5.
LaTeX Font Info:    Checking defaults for OMS/cmsy/m/n on input line 5.
LaTeX Font Info:    ... okay on input line 5.
LaTeX Font Info:    Checking defaults for OT1/cmr/m/n on input line 5.
LaTeX Font Info:    ... okay on input line 5.
LaTeX Font Info:    Checking defaults for T1/cmr/m/n on input line 5.
LaTeX Font Info:    ... okay on input line 5.
LaTeX Font Info:    Checking defaults for TS1/cmr/m/n on input line 5.
LaTeX Font Info:    ... okay on input line 5.
LaTeX Font Info:    Checking defaults for OMX/cmex/m/n on input line 5.
LaTeX Font Info:    ... okay on input line 5.
LaTeX Font Info:    Checking defaults for U/cmr/m/n on input line 5.
LaTeX Font Info:    ... okay on input line 5.

("C:\Users\CLEMENT OBIEKE\AppData\Local\Programs\MiKTeX\tex/context/base/mkii\s
upp-pdf.mkii"
[Loading MPS to PDF converter (version 2006.09.02).]
\scratchcounter=\count186
\scratchdimen=\dimen143
\scratchbox=\box50
\nofMPsegments=\count187
\nofMParguments=\count188
\everyMPshowfont=\toks17
\MPscratchCnt=\count189
\MPscratchDim=\dimen144
\MPnumerator=\count190
\makeMPintoPDFobject=\count191
\everyMPtoPDFconversion=\toks18
)
("C:\Users\CLEMENT OBIEKE\AppData\Local\Programs\MiKTeX\tex/latex/epstopdf-pkg\
epstopdf-base.sty"
Package: epstopdf-base 2020-01-24 v2.11 Base part for package epstopdf
Package epstopdf-base Info: Redefining graphics rule for `.eps' on input line 4
85.
)
LaTeX Font Info:    External font `cmex10' loaded for size
(Font)              <7> on input line 8.
LaTeX Font Info:    External font `cmex10' loaded for size
(Font)              <5> on input line 8.
<git.png, id=1, 301.125pt x 168.63pt>
File: git.png Graphic file (type png)
<use git.png>
Package pdftex.def Info: git.png  used on input line 13.
(pdftex.def)             Requested size: 138.00455pt x 113.8126pt.

Underfull \hbox (badness 10000) in paragraph at lines 25--26
[]\OT1/cmr/m/n/10 Continuous in-ter-gra-tion
 []


Underfull \hbox (badness 1325) in paragraph at lines 27--28
[]\OT1/cmr/m/n/10 Working wth larger files
 []


Overfull \hbox (114.72545pt too wide) in paragraph at lines 8--32
 [][] 
 []

[1

{C:/Users/CLEMENT OBIEKE/AppData/Local/MiKTeX/pdftex/config/pdftex.map} <./git.
png>] ("Exercise 2.aux") ) 
Here is how much of TeX's memory you used:
 1224 strings out of 479697
 19111 string characters out of 2862819
 288539 words of memory out of 3000000
 18362 multiletter control sequences out of 15000+200000
 403765 words of font info for 28 fonts, out of 3000000 for 9000
 1141 hyphenation exceptions out of 8191
 66i,13n,72p,209b,341s stack positions out of 5000i,500n,10000p,200000b,50000s
 <C:\Users\CLEMENT OBIEKE\AppData\Local\MiKTeX\fonts/
pk/ljfour/jknappen/ec/dpi600\tcrm1000.pk><C:/Users/CLEMENT OBIEKE/AppData/Local
/Programs/MiKTeX/fonts/type1/public/amsfonts/cm/cmmi10.pfb><C:/Users/CLEMENT OB
IEKE/AppData/Local/Programs/MiKTeX/fonts/type1/public/amsfonts/cm/cmr10.pfb>
Output written on "Exercise 2.pdf" (1 page, 29887 bytes).
PDF statistics:
 21 PDF objects out of 1000 (max. 8388607)
 0 named destinations out of 1000 (max. 500000)
 6 words of extra memory for PDF output out of 10000 (max. 10000000)

